<?xml version="1.0" encoding="UTF-8"?>
<!-- Generated by org.testng.reporters.JUnitReportReporter -->
<testsuite skipped="0" hostname="LAPTOP-V0QGSRAJ" name="com.hrms.testcases.LoginTest" tests="4" failures="0" timestamp="2020-09-11T23:30:28 EDT" time="42.963" errors="0">
  <testcase name="invalidLogin" time="9.185" classname="com.hrms.testcases.LoginTest"/>
  <system-out/>
  <testcase name="invalidLogin" time="8.774" classname="com.hrms.testcases.LoginTest"/>
  <system-out/>
  <testcase name="validLogin" time="15.673" classname="com.hrms.testcases.LoginTest"/>
  <system-out/>
  <testcase name="invalidLogin" time="9.331" classname="com.hrms.testcases.LoginTest"/>
  <system-out/>
</testsuite> <!-- com.hrms.testcases.LoginTest -->
